<?xml version="1.0" encoding="UTF-8"?>
<!-- Generated by org.testng.reporters.JUnitReportReporter -->
<testsuite hostname="Administrators-MacBook-Pro.local" name="CucumberRunner" tests="1" failures="0" timestamp="17 Mar 2016 13:31:53 GMT" time="289.926" errors="0">
  <testcase name="feature" time="289.926" classname="CucumberRunner"/>
</testsuite> <!-- CucumberRunner -->
